1, 127350884X
2, 1273508858
3, 1273508866
4, 1273508874
5, 1273508882
6, 1273508890
7, 1273508904
8, 1273508912
9, 1273508920
10, 1273508939
11, 1273508947
12, 1273508955
13, 1273508963
14, 1273508971
15, 127350898X
16, 1273508998
17, 1273509005
18, 1273509013
19, 1273509021
20, 127350903X
21, 1273509048
22, 1273509056
23, 1273509064
24, 1273509072
25, 1273509080
26, 1273509099
27, 1273509102
28, 1273509110
29, 1273509129
30, 1273509137
31, 1273509145
32, 1273509153
33, 1273509161
34, 127350917X
35, 1273509188
36, 1273509196
37, 127350920X
38, 1273509218
39, 1273509226
40, 1273509234
41, 1273509242
42, 1273509250
43, 1273509269
44, 1273509277
45, 1273509293
46, 1273509307
47, 1273509315
48, 1273509323
49, 1273509331
50, 127350934X
51, 1273509358
52, 1273509366
53, 1273509374
54, 1273509382
55, 1273509390
56, 1273509404
57, 1273509412
58, 1273509420
59, 1273509439
60, 1273509447
61, 1273509455
62, 1273509471
63, 127350948X
64, 1273509501
65, 127350951X
66, 1273509528
67, 1273509536
68, 1273509544
69, 1273509552
70, 1273509579
71, 1273509587
72, 1273509595
73, 1273509609
74, 1273509617
75, 1273509625
76, 1273509633
77, 1273509641
78, 127350965X
79, 1273509668
80, 1273509676
81, 1273509684
82, 1273509692
83, 1273509706
84, 1273509714
85, 1273509722
86, 1273509749
87, 1273509757
88, 1273509765
89, 1273509773
90, 1273509781
91, 127350979X
92, 1273509803
93, 1273509811
94, 127350982X
95, 1273509838
96, 1273509846
97, 1273509862
98, 1273509870
99, 1273509889
100, 1273509897
101, 1273509900
102, 1273509919
103, 1273509927
104, 1273509935
105, 1273509943
106, 1273509951
107, 127350996X
108, 1273509978
109, 1273509986
110, 1273509994
111, 1273510003
112, 1273510011
113, 127351002X
114, 1273510038
115, 1273510054
116, 1273510070
117, 1273510097
118, 1273510100
119, 1273510119
120, 1273510127
121, 1273510135
122, 1273510143
123, 1273510151
124, 127351016X
125, 1273510194
126, 1273510208
127, 1273510216
128, 1273510224
129, 1273510232
130, 1273510240
131, 1273510259
132, 1273510267
133, 1273510275
134, 1273510283
135, 1273510291
136, 1273510305
137, 1273510313
138, 1273510321
139, 127351033X
140, 1273510348
141, 1273510356
142, 1273510364
143, 1273510372
144, 1273510380
145, 1273510399
146, 1273510402
147, 1273510410
148, 1273510429
149, 1273510437
150, 1273510445
151, 1273510461
152, 127351047X
153, 1273510488
154, 1273510496
155, 127351050X
156, 1273510518
157, 1273510526
158, 1273510534
159, 1273510542
160, 1273510569
161, 1273510577
162, 1273510585
163, 1273510593
164, 1273510607
165, 1273510615
166, 1273510623
167, 1273510631
168, 1273510658
169, 1273510666
170, 1273510674
171, 1273510682
172, 1273510690
173, 1273510704
174, 1273510712
175, 1273510720
176, 1273510739
177, 1273510747
178, 1273510755
179, 1273510763
180, 1273510771
181, 1273510798
182, 1273510801
183, 127351081X
184, 1273510828
185, 1273510836
186, 1273510844
187, 1273510852
188, 1273510860
189, 1273510879
190, 1273510887
191, 1273510895
192, 1273510909
193, 1273510917
194, 1273510925
195, 1273510941
196, 127351095X
197, 1273510968
198, 1273510976
199, 1273510984
200, 1273510992
201, 127351100X
202, 1273511018
203, 1273511034
204, 1273511042
205, 1273511050
206, 1273511069
207, 1273511077
208, 1273511085
209, 1273511093
210, 1273511107
211, 1273511115
212, 1273511123
213, 1273511131
214, 127351114X
215, 1273511158
216, 1273511166
217, 1273511174
218, 1273511182
219, 1273511190
220, 1273511204
221, 1273511212
222, 1273511220
223, 1273511247
224, 1273511255
225, 1273511263
226, 1273511271
227, 127351128X
228, 1273511298
229, 1273511301
230, 1273511328
231, 1273511336
232, 1273511344
233, 1273511352
234, 1273511360
235, 1273511379
236, 1273511387
237, 1273511395
238, 1273511409
239, 1273511417
240, 1273511425
241, 1273511433
242, 1273511441
243, 127351145X
244, 1273511468
245, 1273511476
246, 1273511484
247, 1273511492
248, 1273511506
249, 1273511514
250, 1273511522
251, 1273511530
252, 1273511549
253, 1273511557
254, 1273511565
255, 1273511573
256, 1273511581
257, 127351159X
258, 1273511603
259, 127351162X
260, 1273511638
