1, 1280923032
2, 1280923040
3, 1280923059
4, 1280923067
5, 1280923075
6, 1280923083
7, 1280923091
8, 1280923105
9, 1280923121
10, 128092313X
11, 1280923148
12, 1280923156
13, 1280923164
14, 1280923172
15, 1280923180
16, 1280923199
17, 1280923202
18, 1280923210
19, 1280923229
20, 1280923237
21, 1280923245
22, 1280923253
23, 1280923261
24, 128092327X
25, 1280923288
26, 1280923296
27, 128092330X
28, 1280923318
29, 1280923326
30, 1280923334
31, 1280923342
32, 1280923350
33, 1280923369
34, 1280923377
35, 1280923393
36, 1280923407
37, 1280923415
38, 1280923423
39, 1280923431
40, 128092344X
41, 1280923458
42, 1280923466
43, 1280923474
44, 1280923482
45, 1280923490
46, 1280923504
47, 1280923512
48, 1280923520
49, 1280923539
50, 1280923547
51, 1280923555
52, 1280923563
53, 1280923571
54, 128092358X
55, 1280923598
56, 1280923601
57, 128092361X
58, 1280923628
59, 1280923636
60, 1280923644
61, 1280923652
62, 1280923660
63, 1280923679
64, 1280923687
65, 1280923695
66, 1280923709
67, 1280923717
68, 1280923725
69, 1280923733
70, 1280923741
71, 128092375X
72, 1280923768
73, 1280923776
74, 1280923784
75, 1280923792
76, 1280923814
77, 1280923822
78, 1280923830
79, 1280923849
80, 1280923857
81, 1280923865
82, 1280923873
83, 1280923881
84, 128092389X
85, 1280923911
86, 128092392X
87, 1280923938
88, 1280923946
89, 1280923954
90, 1280923962
91, 1280923970
92, 1280923989
93, 1280923997
94, 1280924012
95, 1280924020
96, 1280924039
97, 1280924047
98, 1280924055
99, 1280924063
100, 1280924071
101, 128092408X
102, 1280924098
103, 1280924101
104, 128092411X
105, 1280924128
106, 1280924136
107, 1280924144
108, 1280924152
109, 1280924160
110, 1280924179
111, 1280924187
112, 1280924195
113, 1280924209
114, 1280924217
115, 1280924233
116, 1280924241
117, 128092425X
118, 1280924268
119, 1280924276
120, 1280924284
121, 1280924292
122, 1280924306
123, 1280924314
124, 1280924330
125, 1280924349
126, 1280924357
127, 1280924365
128, 1280924373
129, 1280924381
130, 128092439X
131, 1280924403
132, 1280924411
133, 128092442X
134, 1280924438
135, 1280924446
136, 1280924454
137, 1280924462
138, 1280924470
139, 1280924489
140, 1280924497
141, 1280924500
142, 1280924519
143, 1280924527
144, 1280924535
145, 1280924543
146, 1280924551
147, 128092456X
148, 1280924578
149, 1280924586
150, 1280924594
151, 1280924608
152, 1280924616
153, 1280924624
154, 1280924632
155, 1280924659
156, 1280924667
157, 1280924675
158, 1280924683
159, 1280924691
160, 1280924705
161, 1280924713
162, 1280924721
163, 128092473X
164, 1280924748
165, 1280924756
166, 1280924764
167, 1280924780
168, 1280924799
169, 1280924802
170, 1280924810
171, 1280924829
172, 1280924837
173, 1280924845
174, 1280924853
175, 1280924861
176, 128092487X
177, 1280924888
178, 1280924896
179, 128092490X
180, 1280924918
181, 1280924926
182, 1280924934
183, 1280924942
184, 1280924950
185, 1280924969
186, 1280924977
187, 1280924985
188, 1280924993
189, 1280925000
190, 1280925019
191, 1280925027
192, 1280925035
193, 1280925051
194, 128092506X
195, 1280925078
196, 1280925086
197, 1280925094
198, 1280925108
199, 1280925116
200, 1280925124
201, 1280925132
202, 1280925159
203, 1280925167
204, 1280925175
205, 1280925183
206, 1280925191
207, 1280925205
208, 1280925213
209, 1280925221
210, 128092523X
211, 1280925248
212, 1280925256
213, 1280925264
214, 1280925272
215, 1280925280
216, 1280925299
217, 1280925302
218, 1280925310
219, 1280925329
220, 1280925337
221, 1280925345
222, 1280925353
223, 1280925361
224, 128092537X
225, 1280925388
226, 1280925418
227, 1280925426
228, 1280925434
229, 1280925442
230, 1280925450
231, 1280925469
232, 1280925477
233, 1280925485
234, 1280925493
235, 1280925507
236, 1280925515
237, 1280925523
238, 128092554X
239, 1280925558
240, 1280925566
241, 1280925574
242, 1280925582
243, 1280925590
244, 1280925604
245, 1280925612
246, 1280925620
247, 1280925639
248, 1280925647
249, 1280925663
250, 1280925671
251, 128092568X
252, 1280925698
253, 1280925701
254, 128092571X
255, 1280925728
256, 1280925736
257, 1280925744
258, 1280925752
259, 1280925760
260, 1280925779
261, 1280925787
262, 1280925795
263, 1280925817
264, 1280925825
265, 1280925833
266, 1280925841
267, 128092585X
268, 1280925868
269, 1280925876
270, 1280925884
271, 1280925892
272, 1280925906
273, 1280925914
274, 1280925930
275, 1280925949
276, 1280925957
277, 1280925965
278, 1280925973
279, 1280925981
280, 128092599X
281, 1280926007
282, 1280926015
283, 1280926031
284, 128092604X
285, 1280926058
286, 1280926066
287, 1280926074
288, 1280926082
289, 1280926090
290, 1280926104
291, 1280926112
292, 1280926120
293, 1280926139
294, 1280926147
295, 1280926155
296, 1280926163
297, 1280926171
298, 128092618X
299, 1280926198
300, 1280926201
301, 128092621X
302, 1280926228
303, 1280926236
304, 1280926244
305, 1280926252
306, 1280926260
307, 1280926279
308, 1280926287
309, 1280926295
310, 1280926309
311, 1280926317
312, 1280926325
313, 1280926333
314, 1280926341
315, 128092635X
316, 1280926368
317, 1280926376
318, 1280926384
319, 1280926392
320, 1280926406
321, 1280926414
322, 1280926422
323, 1280926430
324, 1280926449
325, 1280926457
326, 1280926465
327, 1280926473
328, 1280926481
329, 128092649X
330, 1280926503
331, 1280926511
332, 128092652X
333, 1280926538
334, 1280926546
335, 1280926554
336, 1280926562
337, 1280926570
338, 1280926589
339, 1280926597
340, 1280926600
341, 1280926619
342, 1280926627
343, 1280926635
344, 1280926643
345, 1280926651
346, 128092666X
347, 1280926678
348, 1280926686
349, 1280926694
350, 1280926708
351, 1280926716
352, 1280926724
353, 1280926732
354, 1280926740
355, 1280926759
356, 1280926767
357, 1280926775
358, 1280926783
359, 1280926805
360, 1280926821
361, 128092683X
362, 1280926848
363, 1280926856
364, 1280926864
365, 1280926872
366, 1280926880
367, 1280926899
368, 1280926902
369, 1280926910
370, 1280926929
371, 1280926937
372, 1280926945
373, 1280926953
374, 1280926961
375, 128092697X
376, 1280926996
377, 1280927003
378, 1280927011
379, 128092702X
380, 1280927038
381, 1280927046
382, 1280927054
383, 1280927062
384, 1280927070
385, 1280927089
386, 1280927097
387, 1280927100
388, 1280927119
389, 1280927127
390, 1280927135
391, 1280927143
392, 1280927151
393, 128092716X
394, 1280927178
395, 1280927186
396, 1280927194
397, 1280927208
398, 1280927216
399, 1280927224
400, 1280927232
401, 1280927240
402, 1280927267
403, 1280927275
404, 1280927283
405, 1280927291
406, 1280927305
407, 1280927313
408, 1280927321
409, 128092733X
410, 1280927348
411, 1280927356
412, 1280927364
413, 1280927372
414, 1280927380
415, 1280927399
416, 1280927402
417, 1280927410
418, 1280927429
419, 1280927437
420, 1280927445
